<?xml version="1.0" encoding="UTF-8" ?>
<testsuite tests="6" failures="0" name="com.mhmtnasif.library_app.daoImpl.AuthorsDaoImplTest" time="1.068" errors="2" skipped="0">
  <properties>
    <property name="java.runtime.name" value="Java(TM) SE Runtime Environment"/>
    <property name="sun.boot.library.path" value="C:\Program Files\Java\jdk1.8.0_171\jre\bin"/>
    <property name="java.vm.version" value="25.171-b11"/>
    <property name="java.vm.vendor" value="Oracle Corporation"/>
    <property name="maven.multiModuleProjectDirectory" value="C:\Users\mhmtnasif\Library-Application"/>
    <property name="java.vendor.url" value="http://java.oracle.com/"/>
    <property name="path.separator" value=";"/>
    <property name="guice.disable.misplaced.annotation.check" value="true"/>
    <property name="java.vm.name" value="Java HotSpot(TM) 64-Bit Server VM"/>
    <property name="file.encoding.pkg" value="sun.io"/>
    <property name="user.script" value=""/>
    <property name="user.country" value="TR"/>
    <property name="sun.java.launcher" value="SUN_STANDARD"/>
    <property name="sun.os.patch.level" value=""/>
    <property name="java.vm.specification.name" value="Java Virtual Machine Specification"/>
    <property name="user.dir" value="C:\Users\mhmtnasif\Library-Application"/>
    <property name="java.runtime.version" value="1.8.0_171-b11"/>
    <property name="java.awt.graphicsenv" value="sun.awt.Win32GraphicsEnvironment"/>
    <property name="java.endorsed.dirs" value="C:\Program Files\Java\jdk1.8.0_171\jre\lib\endorsed"/>
    <property name="os.arch" value="amd64"/>
    <property name="java.io.tmpdir" value="C:\Users\MHMTNA~1\AppData\Local\Temp\"/>
    <property name="line.separator" value="
"/>
    <property name="java.vm.specification.vendor" value="Oracle Corporation"/>
    <property name="user.variant" value=""/>
    <property name="os.name" value="Windows 10"/>
    <property name="net.sourceforge.cobertura.datafile" value="C:\Users\mhmtnasif\Library-Application\target\cobertura\cobertura.ser"/>
    <property name="classworlds.conf" value="C:\Users\mhmtnasif\Documents\apache-maven-3.5.2\bin\..\bin\m2.conf"/>
    <property name="sun.jnu.encoding" value="Cp1254"/>
    <property name="java.library.path" value="C:\Program Files\Java\jdk1.8.0_171\bin;C:\Windows\Sun\Java\bin;C:\Windows\system32;C:\Windows;C:\Program Files (x86)\Common Files\Oracle\Java\javapath;C:\Windows\system32;C:\Windows;C:\Windows\System32\Wbem;C:\Windows\System32\WindowsPowerShell\v1.0\;C:\Windows\System32\OpenSSH\;C:\Program Files\Git\cmd;C:\Program Files\Java\jdk1.8.0_171\bin;C:\Users\mhmtnasif\AppData\Local\Microsoft\WindowsApps;C:\Users\mhmtnasif\AppData\Local\atom\bin;C:\Users\mhmtnasif\Documents\apache-maven-3.5.2\bin;;."/>
    <property name="maven.conf" value="C:\Users\mhmtnasif\Documents\apache-maven-3.5.2\bin\../conf"/>
    <property name="java.specification.name" value="Java Platform API Specification"/>
    <property name="java.class.version" value="52.0"/>
    <property name="sun.management.compiler" value="HotSpot 64-Bit Tiered Compilers"/>
    <property name="os.version" value="10.0"/>
    <property name="library.jansi.path" value="C:\Users\mhmtnasif\Documents\apache-maven-3.5.2\bin\..\lib\jansi-native"/>
    <property name="user.home" value="C:\Users\mhmtnasif"/>
    <property name="user.timezone" value="Asia/Istanbul"/>
    <property name="java.awt.printerjob" value="sun.awt.windows.WPrinterJob"/>
    <property name="java.specification.version" value="1.8"/>
    <property name="file.encoding" value="Cp1254"/>
    <property name="user.name" value="mhmtnasif"/>
    <property name="java.class.path" value="C:\Users\mhmtnasif\Documents\apache-maven-3.5.2\bin\..\boot\plexus-classworlds-2.5.2.jar"/>
    <property name="java.vm.specification.version" value="1.8"/>
    <property name="sun.arch.data.model" value="64"/>
    <property name="java.home" value="C:\Program Files\Java\jdk1.8.0_171\jre"/>
    <property name="sun.java.command" value="org.codehaus.plexus.classworlds.launcher.Launcher site"/>
    <property name="java.specification.vendor" value="Oracle Corporation"/>
    <property name="user.language" value="tr"/>
    <property name="awt.toolkit" value="sun.awt.windows.WToolkit"/>
    <property name="java.vm.info" value="mixed mode"/>
    <property name="java.version" value="1.8.0_171"/>
    <property name="java.ext.dirs" value="C:\Program Files\Java\jdk1.8.0_171\jre\lib\ext;C:\Windows\Sun\Java\lib\ext"/>
    <property name="sun.boot.class.path" value="C:\Program Files\Java\jdk1.8.0_171\jre\lib\resources.jar;C:\Program Files\Java\jdk1.8.0_171\jre\lib\rt.jar;C:\Program Files\Java\jdk1.8.0_171\jre\lib\sunrsasign.jar;C:\Program Files\Java\jdk1.8.0_171\jre\lib\jsse.jar;C:\Program Files\Java\jdk1.8.0_171\jre\lib\jce.jar;C:\Program Files\Java\jdk1.8.0_171\jre\lib\charsets.jar;C:\Program Files\Java\jdk1.8.0_171\jre\lib\jfr.jar;C:\Program Files\Java\jdk1.8.0_171\jre\classes"/>
    <property name="sun.stderr.encoding" value="cp857"/>
    <property name="java.vendor" value="Oracle Corporation"/>
    <property name="maven.home" value="C:\Users\mhmtnasif\Documents\apache-maven-3.5.2\bin\.."/>
    <property name="file.separator" value="\"/>
    <property name="java.vendor.url.bug" value="http://bugreport.sun.com/bugreport/"/>
    <property name="sun.cpu.endian" value="little"/>
    <property name="sun.io.unicode.encoding" value="UnicodeLittle"/>
    <property name="project.build.outputDirectory" value="C:\Users\mhmtnasif\Library-Application\target\generated-classes\cobertura"/>
    <property name="sun.stdout.encoding" value="cp857"/>
    <property name="sun.desktop" value="windows"/>
    <property name="sun.cpu.isalist" value="amd64"/>
  </properties>
  <testcase classname="com.mhmtnasif.library_app.daoImpl.AuthorsDaoImplTest" name="updateAuthor" time="0.635">
    <error type="java.lang.NullPointerException">java.lang.NullPointerException
	at com.mhmtnasif.library_app.daoImpl.AuthorsDaoImplTest.updateAuthor(AuthorsDaoImplTest.java:29)
	at sun.reflect.NativeMethodAccessorImpl.invoke0(Native Method)
	at sun.reflect.NativeMethodAccessorImpl.invoke(NativeMethodAccessorImpl.java:62)
	at sun.reflect.DelegatingMethodAccessorImpl.invoke(DelegatingMethodAccessorImpl.java:43)
	at java.lang.reflect.Method.invoke(Method.java:498)
	at org.junit.runners.model.FrameworkMethod$1.runReflectiveCall(FrameworkMethod.java:50)
	at org.junit.internal.runners.model.ReflectiveCallable.run(ReflectiveCallable.java:12)
	at org.junit.runners.model.FrameworkMethod.invokeExplosively(FrameworkMethod.java:47)
	at org.junit.internal.runners.statements.InvokeMethod.evaluate(InvokeMethod.java:17)
	at org.junit.internal.runners.statements.RunBefores.evaluate(RunBefores.java:26)
	at org.junit.runners.ParentRunner.runLeaf(ParentRunner.java:325)
	at org.junit.runners.BlockJUnit4ClassRunner.runChild(BlockJUnit4ClassRunner.java:78)
	at org.junit.runners.BlockJUnit4ClassRunner.runChild(BlockJUnit4ClassRunner.java:57)
	at org.junit.runners.ParentRunner$3.run(ParentRunner.java:290)
	at org.junit.runners.ParentRunner$1.schedule(ParentRunner.java:71)
	at org.junit.runners.ParentRunner.runChildren(ParentRunner.java:288)
	at org.junit.runners.ParentRunner.access$000(ParentRunner.java:58)
	at org.junit.runners.ParentRunner$2.evaluate(ParentRunner.java:268)
	at org.junit.runners.ParentRunner.run(ParentRunner.java:363)
	at org.apache.maven.surefire.junit4.JUnit4Provider.execute(JUnit4Provider.java:252)
	at org.apache.maven.surefire.junit4.JUnit4Provider.executeTestSet(JUnit4Provider.java:141)
	at org.apache.maven.surefire.junit4.JUnit4Provider.invoke(JUnit4Provider.java:112)
	at sun.reflect.NativeMethodAccessorImpl.invoke0(Native Method)
	at sun.reflect.NativeMethodAccessorImpl.invoke(NativeMethodAccessorImpl.java:62)
	at sun.reflect.DelegatingMethodAccessorImpl.invoke(DelegatingMethodAccessorImpl.java:43)
	at java.lang.reflect.Method.invoke(Method.java:498)
	at org.apache.maven.surefire.util.ReflectionUtils.invokeMethodWithArray(ReflectionUtils.java:189)
	at org.apache.maven.surefire.booter.ProviderFactory$ProviderProxy.invoke(ProviderFactory.java:165)
	at org.apache.maven.surefire.booter.ProviderFactory.invokeProvider(ProviderFactory.java:85)
	at org.apache.maven.surefire.booter.ForkedBooter.runSuitesInProcess(ForkedBooter.java:115)
	at org.apache.maven.surefire.booter.ForkedBooter.main(ForkedBooter.java:75)
</error>
    <system-out>[EL Info]: server: 2018-05-30 05:00:27.329--ServerSession(1797717514)--Detected server platform: org.eclipse.persistence.platform.server.NoServerPlatform.
[EL Config]: metadata: 2018-05-30 05:00:27.382--ServerSession(1797717514)--Thread(Thread[main,5,main])--The access type for the persistent class [class com.mhmtnasif.library_app.entities.Authors] is set to [FIELD].
[EL Config]: metadata: 2018-05-30 05:00:27.39--ServerSession(1797717514)--Thread(Thread[main,5,main])--The target entity (reference) class for the one to many mapping element [field bookList] is being defaulted to: class com.mhmtnasif.library_app.entities.Books.
[EL Config]: metadata: 2018-05-30 05:00:27.391--ServerSession(1797717514)--Thread(Thread[main,5,main])--The access type for the persistent class [class com.mhmtnasif.library_app.entities.Publishers] is set to [FIELD].
[EL Config]: metadata: 2018-05-30 05:00:27.391--ServerSession(1797717514)--Thread(Thread[main,5,main])--The target entity (reference) class for the one to many mapping element [field bookList] is being defaulted to: class com.mhmtnasif.library_app.entities.Books.
[EL Config]: metadata: 2018-05-30 05:00:27.391--ServerSession(1797717514)--Thread(Thread[main,5,main])--The access type for the persistent class [class com.mhmtnasif.library_app.entities.Books] is set to [FIELD].
[EL Config]: metadata: 2018-05-30 05:00:27.392--ServerSession(1797717514)--Thread(Thread[main,5,main])--The target entity (reference) class for the many to one mapping element [field book_user] is being defaulted to: class com.mhmtnasif.library_app.entities.Users.
[EL Config]: metadata: 2018-05-30 05:00:27.392--ServerSession(1797717514)--Thread(Thread[main,5,main])--The target entity (reference) class for the many to one mapping element [field book_author] is being defaulted to: class com.mhmtnasif.library_app.entities.Authors.
[EL Config]: metadata: 2018-05-30 05:00:27.393--ServerSession(1797717514)--Thread(Thread[main,5,main])--The target entity (reference) class for the many to one mapping element [field book_publisher] is being defaulted to: class com.mhmtnasif.library_app.entities.Publishers.
[EL Config]: metadata: 2018-05-30 05:00:27.393--ServerSession(1797717514)--Thread(Thread[main,5,main])--The access type for the persistent class [class com.mhmtnasif.library_app.entities.Users] is set to [FIELD].
[EL Config]: metadata: 2018-05-30 05:00:27.393--ServerSession(1797717514)--Thread(Thread[main,5,main])--The target entity (reference) class for the one to many mapping element [field bookList] is being defaulted to: class com.mhmtnasif.library_app.entities.Books.
[EL Config]: metadata: 2018-05-30 05:00:27.393--ServerSession(1797717514)--Thread(Thread[main,5,main])--The alias name for the entity class [class com.mhmtnasif.library_app.entities.Authors] is being defaulted to: Authors.
[EL Config]: metadata: 2018-05-30 05:00:27.394--ServerSession(1797717514)--Thread(Thread[main,5,main])--The table name for entity [class com.mhmtnasif.library_app.entities.Authors] is being defaulted to: AUTHORS.
[EL Config]: metadata: 2018-05-30 05:00:27.399--ServerSession(1797717514)--Thread(Thread[main,5,main])--The column name for element [authors_desc] is being defaulted to: AUTHORS_DESC.
[EL Config]: metadata: 2018-05-30 05:00:27.399--ServerSession(1797717514)--Thread(Thread[main,5,main])--The column name for element [id] is being defaulted to: İD.
[EL Config]: metadata: 2018-05-30 05:00:27.4--ServerSession(1797717514)--Thread(Thread[main,5,main])--The column name for element [authors_name] is being defaulted to: AUTHORS_NAME.
[EL Config]: metadata: 2018-05-30 05:00:27.4--ServerSession(1797717514)--Thread(Thread[main,5,main])--The alias name for the entity class [class com.mhmtnasif.library_app.entities.Publishers] is being defaulted to: Publishers.
[EL Config]: metadata: 2018-05-30 05:00:27.4--ServerSession(1797717514)--Thread(Thread[main,5,main])--The table name for entity [class com.mhmtnasif.library_app.entities.Publishers] is being defaulted to: PUBLİSHERS.
[EL Config]: metadata: 2018-05-30 05:00:27.4--ServerSession(1797717514)--Thread(Thread[main,5,main])--The column name for element [publisher_desc] is being defaulted to: PUBLİSHER_DESC.
[EL Config]: metadata: 2018-05-30 05:00:27.4--ServerSession(1797717514)--Thread(Thread[main,5,main])--The column name for element [publisher_name] is being defaulted to: PUBLİSHER_NAME.
[EL Config]: metadata: 2018-05-30 05:00:27.4--ServerSession(1797717514)--Thread(Thread[main,5,main])--The column name for element [id] is being defaulted to: İD.
[EL Config]: metadata: 2018-05-30 05:00:27.401--ServerSession(1797717514)--Thread(Thread[main,5,main])--The alias name for the entity class [class com.mhmtnasif.library_app.entities.Books] is being defaulted to: Books.
[EL Config]: metadata: 2018-05-30 05:00:27.401--ServerSession(1797717514)--Thread(Thread[main,5,main])--The table name for entity [class com.mhmtnasif.library_app.entities.Books] is being defaulted to: BOOKS.
[EL Config]: metadata: 2018-05-30 05:00:27.401--ServerSession(1797717514)--Thread(Thread[main,5,main])--The column name for element [book_serial_name] is being defaulted to: BOOK_SERİAL_NAME.
[EL Config]: metadata: 2018-05-30 05:00:27.401--ServerSession(1797717514)--Thread(Thread[main,5,main])--The column name for element [book_isbn] is being defaulted to: BOOK_İSBN.
[EL Config]: metadata: 2018-05-30 05:00:27.401--ServerSession(1797717514)--Thread(Thread[main,5,main])--The column name for element [book_sub_name] is being defaulted to: BOOK_SUB_NAME.
[EL Config]: metadata: 2018-05-30 05:00:27.401--ServerSession(1797717514)--Thread(Thread[main,5,main])--The column name for element [id] is being defaulted to: İD.
[EL Config]: metadata: 2018-05-30 05:00:27.402--ServerSession(1797717514)--Thread(Thread[main,5,main])--The column name for element [book_name] is being defaulted to: BOOK_NAME.
[EL Config]: metadata: 2018-05-30 05:00:27.402--ServerSession(1797717514)--Thread(Thread[main,5,main])--The column name for element [book_desc] is being defaulted to: BOOK_DESC.
[EL Config]: metadata: 2018-05-30 05:00:27.402--ServerSession(1797717514)--Thread(Thread[main,5,main])--The alias name for the entity class [class com.mhmtnasif.library_app.entities.Users] is being defaulted to: Users.
[EL Config]: metadata: 2018-05-30 05:00:27.403--ServerSession(1797717514)--Thread(Thread[main,5,main])--The table name for entity [class com.mhmtnasif.library_app.entities.Users] is being defaulted to: USERS.
[EL Config]: metadata: 2018-05-30 05:00:27.403--ServerSession(1797717514)--Thread(Thread[main,5,main])--The column name for element [password] is being defaulted to: PASSWORD.
[EL Config]: metadata: 2018-05-30 05:00:27.404--ServerSession(1797717514)--Thread(Thread[main,5,main])--The column name for element [id] is being defaulted to: İD.
[EL Config]: metadata: 2018-05-30 05:00:27.404--ServerSession(1797717514)--Thread(Thread[main,5,main])--The column name for element [isAdmin] is being defaulted to: İSADMİN.
[EL Config]: metadata: 2018-05-30 05:00:27.405--ServerSession(1797717514)--Thread(Thread[main,5,main])--The column name for element [username] is being defaulted to: USERNAME.
[EL Config]: metadata: 2018-05-30 05:00:27.419--ServerSession(1797717514)--Thread(Thread[main,5,main])--The primary key column name for the mapping element [field book_user] is being defaulted to: İD.
[EL Config]: metadata: 2018-05-30 05:00:27.419--ServerSession(1797717514)--Thread(Thread[main,5,main])--The foreign key column name for the mapping element [book_user] is being defaulted to: BOOK_USER_İD.
[EL Config]: metadata: 2018-05-30 05:00:27.42--ServerSession(1797717514)--Thread(Thread[main,5,main])--The primary key column name for the mapping element [field book_author] is being defaulted to: İD.
[EL Config]: metadata: 2018-05-30 05:00:27.42--ServerSession(1797717514)--Thread(Thread[main,5,main])--The foreign key column name for the mapping element [book_author] is being defaulted to: BOOK_AUTHOR_İD.
[EL Config]: metadata: 2018-05-30 05:00:27.42--ServerSession(1797717514)--Thread(Thread[main,5,main])--The primary key column name for the mapping element [field book_publisher] is being defaulted to: İD.
[EL Config]: metadata: 2018-05-30 05:00:27.42--ServerSession(1797717514)--Thread(Thread[main,5,main])--The foreign key column name for the mapping element [book_publisher] is being defaulted to: BOOK_PUBLİSHER_İD.
[EL Info]: server: 2018-05-30 05:00:27.483--ServerSession(1797717514)--Thread(Thread[main,5,main])--Detected server platform: org.eclipse.persistence.platform.server.NoServerPlatform.
[EL Info]: 2018-05-30 05:00:27.617--ServerSession(1797717514)--Thread(Thread[main,5,main])--EclipseLink, version: Eclipse Persistence Services - 2.6.0.v20150309-bf26070
[EL Fine]: connection: 2018-05-30 05:00:27.689--Thread(Thread[main,5,main])--Detected database platform: org.eclipse.persistence.platform.database.MySQLPlatform
[EL Config]: connection: 2018-05-30 05:00:27.695--ServerSession(1797717514)--Connection(1467131792)--Thread(Thread[main,5,main])--connecting(DatabaseLogin(
	platform=&gt;MySQLPlatform
	user name=&gt; &quot;root&quot;
	datasource URL=&gt; &quot;jdbc:mysql://localhost:3306/library?useSSL=false&amp;useUnicode=true&amp;useJDBCCompliantTimezoneShift=true&amp;useLegacyDatetimeCode=false&amp;serverTimezone=UTC&quot;
))
[EL Config]: connection: 2018-05-30 05:00:27.71--ServerSession(1797717514)--Connection(1297323958)--Thread(Thread[main,5,main])--Connected: jdbc:mysql://localhost:3306/library?useSSL=false&amp;useUnicode=true&amp;useJDBCCompliantTimezoneShift=true&amp;useLegacyDatetimeCode=false&amp;serverTimezone=UTC
	User: root@localhost
	Database: MySQL  Version: 8.0.11
	Driver: MySQL Connector/J  Version: mysql-connector-java-8.0.11 (Revision: 6d4eaa273bc181b4cf1c8ad0821a2227f116fedf)
[EL Info]: connection: 2018-05-30 05:00:27.772--ServerSession(1797717514)--Thread(Thread[main,5,main])--/file:/C:/Users/mhmtnasif/Library-Application/target/generated-classes/cobertura/_LibraryPersistenceUnit login successful
[EL Fine]: sql: 2018-05-30 05:00:27.812--ServerSession(1797717514)--Connection(1297323958)--Thread(Thread[main,5,main])--SELECT İD, AUTHORS_DESC, AUTHORS_NAME FROM AUTHORS WHERE (LOWER(AUTHORS_NAME) LIKE CONCAT(CONCAT(?, ?), ?) OR LOWER(AUTHORS_DESC) LIKE CONCAT(CONCAT(?, ?), ?))
	bind =&gt; [%, , %, %, , %]
[EL Fine]: sql: 2018-05-30 05:00:27.842--ServerSession(1797717514)--Connection(1297323958)--Thread(Thread[main,5,main])--SELECT İD, AUTHORS_DESC, AUTHORS_NAME FROM AUTHORS WHERE (İD = ?)
	bind =&gt; [1]
</system-out>
  </testcase>
  <testcase classname="com.mhmtnasif.library_app.daoImpl.AuthorsDaoImplTest" name="deleteAuthor" time="0.07"/>
  <testcase classname="com.mhmtnasif.library_app.daoImpl.AuthorsDaoImplTest" name="findAll" time="0.06"/>
  <testcase classname="com.mhmtnasif.library_app.daoImpl.AuthorsDaoImplTest" name="findById" time="0.046">
    <error type="java.lang.NullPointerException">java.lang.NullPointerException
	at com.mhmtnasif.library_app.daoImpl.AuthorsDaoImplTest.findById(AuthorsDaoImplTest.java:60)
	at sun.reflect.NativeMethodAccessorImpl.invoke0(Native Method)
	at sun.reflect.NativeMethodAccessorImpl.invoke(NativeMethodAccessorImpl.java:62)
	at sun.reflect.DelegatingMethodAccessorImpl.invoke(DelegatingMethodAccessorImpl.java:43)
	at java.lang.reflect.Method.invoke(Method.java:498)
	at org.junit.runners.model.FrameworkMethod$1.runReflectiveCall(FrameworkMethod.java:50)
	at org.junit.internal.runners.model.ReflectiveCallable.run(ReflectiveCallable.java:12)
	at org.junit.runners.model.FrameworkMethod.invokeExplosively(FrameworkMethod.java:47)
	at org.junit.internal.runners.statements.InvokeMethod.evaluate(InvokeMethod.java:17)
	at org.junit.internal.runners.statements.RunBefores.evaluate(RunBefores.java:26)
	at org.junit.runners.ParentRunner.runLeaf(ParentRunner.java:325)
	at org.junit.runners.BlockJUnit4ClassRunner.runChild(BlockJUnit4ClassRunner.java:78)
	at org.junit.runners.BlockJUnit4ClassRunner.runChild(BlockJUnit4ClassRunner.java:57)
	at org.junit.runners.ParentRunner$3.run(ParentRunner.java:290)
	at org.junit.runners.ParentRunner$1.schedule(ParentRunner.java:71)
	at org.junit.runners.ParentRunner.runChildren(ParentRunner.java:288)
	at org.junit.runners.ParentRunner.access$000(ParentRunner.java:58)
	at org.junit.runners.ParentRunner$2.evaluate(ParentRunner.java:268)
	at org.junit.runners.ParentRunner.run(ParentRunner.java:363)
	at org.apache.maven.surefire.junit4.JUnit4Provider.execute(JUnit4Provider.java:252)
	at org.apache.maven.surefire.junit4.JUnit4Provider.executeTestSet(JUnit4Provider.java:141)
	at org.apache.maven.surefire.junit4.JUnit4Provider.invoke(JUnit4Provider.java:112)
	at sun.reflect.NativeMethodAccessorImpl.invoke0(Native Method)
	at sun.reflect.NativeMethodAccessorImpl.invoke(NativeMethodAccessorImpl.java:62)
	at sun.reflect.DelegatingMethodAccessorImpl.invoke(DelegatingMethodAccessorImpl.java:43)
	at java.lang.reflect.Method.invoke(Method.java:498)
	at org.apache.maven.surefire.util.ReflectionUtils.invokeMethodWithArray(ReflectionUtils.java:189)
	at org.apache.maven.surefire.booter.ProviderFactory$ProviderProxy.invoke(ProviderFactory.java:165)
	at org.apache.maven.surefire.booter.ProviderFactory.invokeProvider(ProviderFactory.java:85)
	at org.apache.maven.surefire.booter.ForkedBooter.runSuitesInProcess(ForkedBooter.java:115)
	at org.apache.maven.surefire.booter.ForkedBooter.main(ForkedBooter.java:75)
</error>
    <system-out>[EL Fine]: sql: 2018-05-30 05:00:27.998--ServerSession(1797717514)--Connection(1297323958)--Thread(Thread[main,5,main])--SELECT İD, AUTHORS_DESC, AUTHORS_NAME FROM AUTHORS WHERE (LOWER(AUTHORS_NAME) LIKE CONCAT(CONCAT(?, ?), ?) OR LOWER(AUTHORS_DESC) LIKE CONCAT(CONCAT(?, ?), ?))
	bind =&gt; [%, , %, %, , %]
[EL Fine]: sql: 2018-05-30 05:00:28.023--ServerSession(1797717514)--Connection(1297323958)--Thread(Thread[main,5,main])--SELECT İD, AUTHORS_DESC, AUTHORS_NAME FROM AUTHORS WHERE (İD = ?)
	bind =&gt; [1]
</system-out>
  </testcase>
  <testcase classname="com.mhmtnasif.library_app.daoImpl.AuthorsDaoImplTest" name="addAuthor" time="0.104"/>
  <testcase classname="com.mhmtnasif.library_app.daoImpl.AuthorsDaoImplTest" name="findByRange" time="0.153"/>
</testsuite>